24-02-2017 21:45:07.902 [Thread-33] ORDER com.atharva.TradePlatform -  Order :BUYBIGTRADE.GS.471.Dummy_1487952907902.247.01
24-02-2017 22:06:54.639 [Thread-33] ORDER com.atharva.TradePlatform -  Order :SELLBIGTRADE.GS.471.Dummy_1487954214639.247.0
24-02-2017 22:22:39.671 [Thread-33] ORDER com.atharva.TradePlatform -  Order :BUYBIGTRADE.GS.471.Dummy_1487955159670.247.52
25-02-2017 00:06:20.110 [Thread-33] ORDER com.atharva.TradePlatform -  Order :BUYBIGTRADE.GS.471.Dummy_1487961380110.247.58
25-02-2017 00:49:51.522 [dw-304 - GET /trade/endtrade/1832188.GS.1487961378760] ORDER com.atharva.TradePlatform -  Order :SELLBIGTRADE.GS.471.Dummy_1487963991521.247.41
25-02-2017 00:50:10.802 [Thread-121] ORDER com.atharva.TradePlatform -  Order :BUYBIGTRADE.GS.1666.Dummy_1487964010802.247.41
25-02-2017 00:54:57.895 [Thread-121] ORDER com.atharva.TradePlatform -  Order :SELLBIGTRADE.GS.1666.Dummy_1487964297895.247.22
25-02-2017 01:02:12.694 [Thread-121] ORDER com.atharva.TradePlatform -  Order :BUYBIGTRADE.GS.1666.Dummy_1487964732694.247.27
25-02-2017 01:05:13.884 [Thread-121] ORDER com.atharva.TradePlatform -  Order :SELLBIGTRADE.GS.1666.Dummy_1487964913884.247.2
27-02-2017 12:27:43.408 [Thread-39] ORDER com.atharva.TradePlatform -  Order :SELLBIGTRADE.HAVELLS.75.Dummy_1488178663408.402.3
27-02-2017 12:48:18.589 [Thread-81] ORDER com.atharva.TradePlatform -  Order :SELLBIGTRADE.HINDPETRO.49.Dummy_1488179898589.562.0
27-02-2017 12:52:39.931 [Thread-90] ORDER com.atharva.TradePlatform -  Order :BUYBIGTRADE.CEATLTD.20.Dummy_1488180159931.1173.8
27-02-2017 13:02:46.751 [Thread-111] ORDER com.atharva.TradePlatform -  Order :BUYBIGTRADE.CENTURYTEX.40.Dummy_1488180766751.943.15
27-02-2017 13:07:59.769 [Thread-39] ORDER com.atharva.TradePlatform -  Order :BUYBIGTRADE.HAVELLS.75.Dummy_1488181079769.403.75
27-02-2017 13:24:40.755 [Thread-90] ORDER com.atharva.TradePlatform -  Order :SELLBIGTRADE.CEATLTD.20.Dummy_1488182080755.1173.0
27-02-2017 14:12:30.000 [Thread-39] ORDER com.atharva.TradePlatform -  Order :SELLBIGTRADE.HAVELLS.75.Dummy_1488184950000.402.4
27-02-2017 14:32:33.485 [Thread-111] ORDER com.atharva.TradePlatform -  Order :SELLBIGTRADE.CENTURYTEX.40.Dummy_1488186153485.946.95
27-02-2017 14:32:50.260 [Thread-292] ORDER com.atharva.TradePlatform -  Order :SELLBIGTRADE.CASTROLIND.77.Dummy_1488186170260.415.0
27-02-2017 14:41:35.642 [Thread-292] ORDER com.atharva.TradePlatform -  Order :BUYBIGTRADE.CASTROLIND.77.Dummy_1488186695642.415.75
27-02-2017 14:47:20.685 [Thread-292] ORDER com.atharva.TradePlatform -  Order :SELLBIGTRADE.CASTROLIND.77.Dummy_1488187040685.414.05
27-02-2017 14:51:30.732 [Thread-39] ORDER com.atharva.TradePlatform -  Order :BUYBIGTRADE.HAVELLS.75.Dummy_1488187290732.403.8
27-02-2017 14:52:42.282 [Thread-90] ORDER com.atharva.TradePlatform -  Order :BUYBIGTRADE.CEATLTD.20.Dummy_1488187362282.1174.25
27-02-2017 14:53:20.783 [Thread-292] ORDER com.atharva.TradePlatform -  Order :BUYBIGTRADE.CASTROLIND.77.Dummy_1488187400783.415.55
27-02-2017 15:06:42.972 [Thread-90] ORDER com.atharva.TradePlatform -  Order :SELLBIGTRADE.CEATLTD.20.Dummy_1488188202972.1168.25
27-02-2017 15:11:14.243 [Thread-81] ORDER com.atharva.TradePlatform -  Order :BUYBIGTRADE.HINDPETRO.49.Dummy_1488188474243.558.8
27-02-2017 22:48:21.852 [Thread-33] ORDER com.atharva.TradePlatform -  Order :BUYBIGTRADE..INX.134.Dummy_1488215901852.2366.54
27-02-2017 23:11:07.510 [Thread-33] ORDER com.atharva.TradePlatform -  Order :SELLBIGTRADE..INX.134.Dummy_1488217267510.2366.5
01-03-2017 09:35:18.827 [Thread-37] ORDER com.atharva.TradePlatform -  Order :BUYBIGTRADE.AXISBANK.19.654275355.520.2
01-03-2017 09:38:51.661 [Thread-37] ORDER com.atharva.TradePlatform -  Order :SELLBIGTRADE.AXISBANK.19.654283067.517.75
01-03-2017 09:47:19.043 [Thread-60] ORDER com.atharva.TradePlatform -  Order :BUYBIGTRADE.HDFC.4.654298700.1394.3
01-03-2017 09:49:25.297 [Thread-64] ORDER com.atharva.TradePlatform -  Order :BUYBIGTRADE.INDUSLANDBK.4.null.null
01-03-2017 09:50:36.722 [Thread-68] ORDER com.atharva.TradePlatform -  Order :BUYBIGTRADE.INDUSINDBK.4.654304183.1331.85
01-03-2017 09:54:39.114 [Thread-76] ORDER com.atharva.TradePlatform -  Order :BUYBIGTRADE.AXISBANK.19.654310203.520.1
01-03-2017 10:05:57.839 [Thread-98] ORDER com.atharva.TradePlatform -  Order :BUYBIGTRADE.PFC.50.654325340.137.95
01-03-2017 10:15:45.816 [Thread-119] ORDER com.atharva.TradePlatform -  Order :BUYBIGTRADE.RECLTD.41.654337212.154.25
01-03-2017 10:22:05.316 [Thread-76] ORDER com.atharva.TradePlatform -  Order :SELLBIGTRADE.AXISBANK.19.654344325.519.1
01-03-2017 10:37:23.001 [Thread-76] ORDER com.atharva.TradePlatform -  Order :BUYBIGTRADE.AXISBANK.19.654361105.519.0
01-03-2017 10:43:50.624 [Thread-76] ORDER com.atharva.TradePlatform -  Order :SELLBIGTRADE.AXISBANK.19.654367482.518.4
01-03-2017 10:45:09.760 [Thread-60] ORDER com.atharva.TradePlatform -  Order :SELLBIGTRADE.HDFC.4.654368805.1392.15
01-03-2017 10:45:11.015 [Thread-98] ORDER com.atharva.TradePlatform -  Order :SELLBIGTRADE.PFC.50.654368781.139.1
01-03-2017 10:57:30.498 [Thread-98] ORDER com.atharva.TradePlatform -  Order :BUYBIGTRADE.PFC.50.654380115.139.25
01-03-2017 10:58:49.279 [Thread-68] ORDER com.atharva.TradePlatform -  Order :SELLBIGTRADE.INDUSINDBK.4.654381306.1327.35
01-03-2017 11:04:12.172 [Thread-98] ORDER com.atharva.TradePlatform -  Order :SELLBIGTRADE.PFC.50.654385953.138.9
01-03-2017 11:06:36.765 [Thread-119] ORDER com.atharva.TradePlatform -  Order :SELLBIGTRADE.RECLTD.41.654387895.154.35
01-03-2017 11:34:02.647 [Thread-33] ORDER com.atharva.TradePlatform -  Order :BUYBIGTRADE.AUROPHARMA.25.654409742.684.0
01-03-2017 11:38:15.718 [Thread-33] ORDER com.atharva.TradePlatform -  Order :SELLBIGTRADE.AUROPHARMA.25.654412793.683.2
02-03-2017 09:22:42.569 [Thread-35] ORDER com.atharva.TradePlatform -  Order :BUYBIGTRADE.TATASTEEL.12.654632918.504.4
02-03-2017 09:26:45.004 [Thread-43] ORDER com.atharva.TradePlatform -  Order :BUYBIGTRADE.ULTRACEMCO.4.654645614.3787.2
02-03-2017 09:28:12.610 [Thread-35] ORDER com.atharva.TradePlatform -  Order :SELLBIGTRADE.TATASTEEL.12.654649174.502.45
02-03-2017 09:30:12.052 [Thread-49] ORDER com.atharva.TradePlatform -  Order :SELLBIGTRADE.DRREDDY.2.654653998.2889.35
02-03-2017 09:30:25.620 [Thread-35] ORDER com.atharva.TradePlatform -  Order :BUYBIGTRADE.TATASTEEL.12.654654475.505.4
02-03-2017 09:34:27.628 [Thread-59] ORDER com.atharva.TradePlatform -  Order :BUYBIGTRADE.TATASTEEL.25.654663658.null
02-03-2017 09:52:20.609 [Thread-35] ORDER com.atharva.TradePlatform -  Order :BUYBIGTRADE.BAJAJ-AUTO.4.654696445.2810.45
02-03-2017 09:56:17.578 [Thread-44] ORDER com.atharva.TradePlatform -  Order :BUYBIGTRADE.BHARATFORG.12.654701515.0.0
02-03-2017 09:56:27.431 [Thread-44] ORDER com.atharva.TradePlatform -  Order :BUYBIGTRADE.BHARATFORG.12.654702266.null
02-03-2017 09:56:51.883 [Thread-44] ORDER com.atharva.TradePlatform -  Order :BUYBIGTRADE.BHARATFORG.12.654702780.1072.7
02-03-2017 09:59:23.271 [Thread-50] ORDER com.atharva.TradePlatform -  Order :BUYBIGTRADE.MARUTI.2.654706537.null
02-03-2017 09:59:42.671 [Thread-50] ORDER com.atharva.TradePlatform -  Order :BUYBIGTRADE.MARUTI.2.654706986.null
02-03-2017 10:00:01.203 [Thread-50] ORDER com.atharva.TradePlatform -  Order :BUYBIGTRADE.MARUTI.2.654707401.null
02-03-2017 10:00:12.600 [Thread-50] ORDER com.atharva.TradePlatform -  Order :BUYBIGTRADE.MARUTI.2.654707664.null
02-03-2017 10:00:48.272 [Thread-44] ORDER com.atharva.TradePlatform -  Order :SELLBIGTRADE.BHARATFORG.12.654707988.0.0
02-03-2017 10:01:37.604 [Thread-44] ORDER com.atharva.TradePlatform -  Order :SELLBIGTRADE.BHARATFORG.12.654709567.1072.65
02-03-2017 10:06:29.814 [Thread-35] ORDER com.atharva.TradePlatform -  Order :SELLBIGTRADE.BAJAJ-AUTO.4.654716096.2807.65
02-03-2017 10:13:07.362 [Thread-79] ORDER com.atharva.TradePlatform -  Order :SELLBIGTRADE.POWERGRID.50.654724233.191.2
02-03-2017 10:17:04.681 [Thread-88] ORDER com.atharva.TradePlatform -  Order :SELLBIGTRADE.NTPC.62.654728965.null
02-03-2017 10:17:20.861 [Thread-87] ORDER com.atharva.TradePlatform -  Order :SELLBIGTRADE.NTPC.62.654729271.159.15
02-03-2017 10:25:00.610 [Thread-35] ORDER com.atharva.TradePlatform -  Order :BUYBIGTRADE.BAJAJ-AUTO.4.654737624.2802.85
02-03-2017 10:25:42.233 [Thread-35] ORDER com.atharva.TradePlatform -  Order :SELLBIGTRADE.BAJAJ-AUTO.4.654738357.2797.05
02-03-2017 10:36:49.080 [Thread-87] ORDER com.atharva.TradePlatform -  Order :BUYBIGTRADE.NTPC.62.654749626.null
02-03-2017 10:38:51.916 [Thread-79] ORDER com.atharva.TradePlatform -  Order :BUYBIGTRADE.POWERGRID.50.654751485.191.55
03-03-2017 09:23:27.877 [Thread-63] ORDER com.atharva.TradePlatform -  Order :SELLBIGTRADE.HDFCBANK.6.655032404.1373.8
03-03-2017 09:25:16.416 [Thread-67] ORDER com.atharva.TradePlatform -  Order :SELLBIGTRADE.HEROMOTOCO.2.655036787.3216.1
03-03-2017 09:28:08.293 [Thread-73] ORDER com.atharva.TradePlatform -  Order :SELLBIGTRADE.HINDUNILVR.12.655043565.872.6
03-03-2017 09:29:45.772 [Thread-73] ORDER com.atharva.TradePlatform -  Order :BUYBIGTRADE.HINDUNILVR.12.655047217.875.19
03-03-2017 09:31:46.639 [Thread-63] ORDER com.atharva.TradePlatform -  Order :BUYBIGTRADE.HDFCBANK.6.655051283.1376.25
03-03-2017 09:35:47.025 [Thread-89] ORDER com.atharva.TradePlatform -  Order :SELLBIGTRADE.ITC.10.655059026.258.6
03-03-2017 09:37:08.826 [Thread-73] ORDER com.atharva.TradePlatform -  Order :SELLBIGTRADE.HINDUNILVR.12.655061501.873.77
03-03-2017 09:37:38.388 [Thread-73] ORDER com.atharva.TradePlatform -  Order :BUYBIGTRADE.HINDUNILVR.12.655062351.875.05
03-03-2017 09:44:50.051 [Thread-107] ORDER com.atharva.TradePlatform -  Order :SELLBIGTRADE.GRASIM.2.655073707.1018.95
03-03-2017 09:45:36.220 [dw-243 - GET /trade/endtrade/1832188.GRASIM.1488514469485] ORDER com.atharva.TradePlatform -  Order :BUYBIGTRADE.GRASIM.2.655074861.1017.0
03-03-2017 09:46:01.656 [Thread-111] ORDER com.atharva.TradePlatform -  Order :BUYBIGTRADE.GRASIM.2.655075465.1016.85
03-03-2017 09:49:01.991 [Thread-117] ORDER com.atharva.TradePlatform -  Order :BUYBIGTRADE.RAMCOCEM.4.655080073.null
03-03-2017 09:53:08.753 [Thread-111] ORDER com.atharva.TradePlatform -  Order :SELLBIGTRADE.GRASIM.2.655085490.1007.65
03-03-2017 09:56:40.946 [Thread-63] ORDER com.atharva.TradePlatform -  Order :SELLBIGTRADE.HDFCBANK.6.655089839.1371.0
03-03-2017 09:59:21.050 [Thread-139] ORDER com.atharva.TradePlatform -  Order :SELLBIGTRADE.HINDUNILVR.5.655093113.872.3
03-03-2017 10:31:29.919 [Thread-139] ORDER com.atharva.TradePlatform -  Order :BUYBIGTRADE.HINDUNILVR.5.655125239.875.7
03-03-2017 10:31:34.935 [Thread-67] ORDER com.atharva.TradePlatform -  Order :BUYBIGTRADE.HEROMOTOCO.2.655125302.3223.8
03-03-2017 10:47:55.333 [Thread-89] ORDER com.atharva.TradePlatform -  Order :BUYBIGTRADE.ITC.10.655138380.260.6
03-03-2017 11:00:25.961 [dw-471 - GET /trade/endtrade/1832188.HDFCBANK.1488513189316] ORDER com.atharva.TradePlatform -  Order :BUYBIGTRADE.HDFCBANK.6.655147422.1371.7
