14:50:42.392 [Thread-0] INFO  com.atharva.trade.TradeHandler - Entered trade
14:50:44.711 [Thread-0] INFO  com.atharva.ui.pages.LoginPage - Entered login id
14:50:44.859 [Thread-0] INFO  com.atharva.ui.pages.LoginPage - Entered membership password
14:50:45.024 [Thread-0] INFO  com.atharva.ui.pages.LoginPage - Entered trading password
14:50:48.505 [Thread-0] INFO  com.atharva.ui.pages.LoginPage - Clicked on login button
14:50:48.528 [Thread-0] INFO  com.atharva.ui.pages.LoginPage - Login Successful
14:50:49.062 [Thread-0] INFO  com.atharva.ui.pages.LoginPage - Clicked on tradeNow Link
14:50:49.168 [Thread-0] INFO  com.atharva.ui.pages.LoginPage - Selected the Exchange: NSE
14:50:50.415 [Thread-0] INFO  com.atharva.ui.pages.LoginPage - Selected the scrip from dropdown 
14:50:50.416 [Thread-0] INFO  com.atharva.ui.pages.LoginPage - Entered the scrip : AXISBANK
14:50:50.616 [Thread-0] INFO  com.atharva.ui.pages.LoginPage - Selected buy/sell: Buy
14:50:50.760 [Thread-0] INFO  com.atharva.ui.pages.LoginPage - Entered the quantity: 72
14:50:50.892 [Thread-0] INFO  com.atharva.ui.pages.LoginPage - Entered the limit price: 0.0
14:50:51.055 [Thread-0] INFO  com.atharva.ui.pages.LoginPage - Selected the  DP Account: 1832188
14:50:51.160 [Thread-0] INFO  com.atharva.ui.pages.LoginPage - Clicked on place order button
14:50:51.588 [Thread-0] INFO  com.atharva.ui.pages.LoginPage - Clicked on order confirm button
14:50:51.613 [Thread-0] INFO  com.atharva.ui.pages.LoginPage - Order confirmation page is displayed
14:50:51.761 [Thread-0] FATAL com.atharva.trade.TradeHandler - Execution of trade interrupted due to exception com.atharva.exceptions.UIOperationFailureException: Element is not visible
14:56:18.262 [Thread-0] INFO  com.atharva.trade.TradeHandler - Entered trade
14:56:20.625 [Thread-0] INFO  com.atharva.ui.pages.LoginPage - Entered login id
14:56:20.737 [Thread-0] INFO  com.atharva.ui.pages.LoginPage - Entered membership password
14:56:20.876 [Thread-0] INFO  com.atharva.ui.pages.LoginPage - Entered trading password
14:56:21.755 [Thread-0] INFO  com.atharva.ui.pages.LoginPage - Clicked on login button
14:56:21.784 [Thread-0] INFO  com.atharva.ui.pages.LoginPage - Login Successful
14:56:24.869 [Thread-0] INFO  com.atharva.ui.pages.LoginPage - Clicked on tradeNow Link
14:56:24.975 [Thread-0] INFO  com.atharva.ui.pages.LoginPage - Selected the Exchange: NSE
14:56:26.194 [Thread-0] INFO  com.atharva.ui.pages.LoginPage - Selected the scrip from dropdown 
14:56:26.194 [Thread-0] INFO  com.atharva.ui.pages.LoginPage - Entered the scrip : AXISBANK
14:56:26.414 [Thread-0] INFO  com.atharva.ui.pages.LoginPage - Selected buy/sell: Buy
14:56:26.534 [Thread-0] INFO  com.atharva.ui.pages.LoginPage - Entered the quantity: 72
14:56:26.666 [Thread-0] INFO  com.atharva.ui.pages.LoginPage - Entered the limit price: 0.0
14:56:26.766 [Thread-0] INFO  com.atharva.ui.pages.LoginPage - Selected the  DP Account: 1832188
14:56:26.894 [Thread-0] INFO  com.atharva.ui.pages.LoginPage - Clicked on place order button
14:56:27.318 [Thread-0] INFO  com.atharva.ui.pages.LoginPage - Clicked on order confirm button
14:56:27.348 [Thread-0] INFO  com.atharva.ui.pages.LoginPage - Order confirmation page is displayed
14:56:29.245 [Thread-0] INFO  com.atharva.trade.TradeHandler - Current price: 488.9
14:56:44.975 [Thread-0] INFO  com.atharva.trade.TradeHandler - Current price: 488.85
14:56:44.981 [Thread-0] REPORT com.atharva.trade.TradeHandler - 1832188.AXISBANK.1486977976615	BUY	AXISBANK	488.85	-0.049999999999954525	-0.049999999999954525	-3.599999999996726	-0.049999999999954525	-0.049999999999954525	ACTIVE	-0.049999999999954525	-3.599999999996726
14:56:59.698 [Thread-0] INFO  com.atharva.trade.TradeHandler - Current price: 488.75
14:56:59.699 [Thread-0] REPORT com.atharva.trade.TradeHandler - 1832188.AXISBANK.1486977976615	BUY	AXISBANK	488.75	-0.10000000000002274	-0.14999999999997726	-10.799999999998363	-0.14999999999997726	-0.14999999999997726	ACTIVE	-0.14999999999997726	-10.799999999998363
14:57:16.325 [Thread-0] INFO  com.atharva.trade.TradeHandler - Current price: 488.75
14:57:16.326 [Thread-0] REPORT com.atharva.trade.TradeHandler - 1832188.AXISBANK.1486977976615	BUY	AXISBANK	488.75	0.0	-0.14999999999997726	-10.799999999998363	-0.14999999999997726	-0.14999999999997726	ACTIVE	-0.14999999999997726	-10.799999999998363
14:57:33.610 [Thread-0] INFO  com.atharva.trade.TradeHandler - Current price: 488.85
14:57:33.610 [Thread-0] REPORT com.atharva.trade.TradeHandler - 1832188.AXISBANK.1486977976615	BUY	AXISBANK	488.85	0.10000000000002274	-0.049999999999954525	-3.599999999996726	-0.049999999999954525	-0.049999999999954525	ACTIVE	-0.049999999999954525	-3.599999999996726
14:57:45.501 [Thread-0] INFO  com.atharva.trade.TradeHandler - Current price: 488.75
14:57:45.502 [Thread-0] REPORT com.atharva.trade.TradeHandler - 1832188.AXISBANK.1486977976615	BUY	AXISBANK	488.75	-0.10000000000002274	-0.14999999999997726	-10.799999999998363	-0.14999999999997726	-0.14999999999997726	ACTIVE	-0.14999999999997726	-10.799999999998363
14:57:59.560 [Thread-0] INFO  com.atharva.trade.TradeHandler - Current price: 488.6
14:57:59.560 [Thread-0] REPORT com.atharva.trade.TradeHandler - 1832188.AXISBANK.1486977976615	BUY	AXISBANK	488.6	-0.14999999999997726	-0.2999999999999545	-21.599999999996726	-0.2999999999999545	-0.2999999999999545	ACTIVE	-0.2999999999999545	-21.599999999996726
14:58:14.839 [Thread-0] INFO  com.atharva.trade.TradeHandler - Current price: 488.6
14:58:14.840 [Thread-0] REPORT com.atharva.trade.TradeHandler - 1832188.AXISBANK.1486977976615	BUY	AXISBANK	488.6	0.0	-0.2999999999999545	-21.599999999996726	-0.2999999999999545	-0.2999999999999545	ACTIVE	-0.2999999999999545	-21.599999999996726
14:58:29.782 [Thread-0] INFO  com.atharva.trade.TradeHandler - Current price: 488.65
14:58:29.782 [Thread-0] REPORT com.atharva.trade.TradeHandler - 1832188.AXISBANK.1486977976615	BUY	AXISBANK	488.65	0.049999999999954525	-0.25	-18.0	-0.25	-0.25	ACTIVE	-0.25	-18.0
14:58:48.893 [Thread-0] INFO  com.atharva.trade.TradeHandler - Current price: 488.3
14:58:48.894 [Thread-0] REPORT com.atharva.trade.TradeHandler - 1832188.AXISBANK.1486977976615	BUY	AXISBANK	488.3	-0.3499999999999659	-0.5999999999999659	-43.199999999997544	-0.5999999999999659	-0.5999999999999659	ACTIVE	-0.5999999999999659	-43.199999999997544
14:59:01.018 [Thread-0] INFO  com.atharva.trade.TradeHandler - Current price: 488.3
14:59:01.018 [Thread-0] REPORT com.atharva.trade.TradeHandler - 1832188.AXISBANK.1486977976615	BUY	AXISBANK	488.3	0.0	-0.5999999999999659	-43.199999999997544	-0.5999999999999659	-0.5999999999999659	ACTIVE	-0.5999999999999659	-43.199999999997544
14:59:15.348 [Thread-0] INFO  com.atharva.trade.TradeHandler - Current price: 488.25
14:59:15.349 [Thread-0] REPORT com.atharva.trade.TradeHandler - 1832188.AXISBANK.1486977976615	BUY	AXISBANK	488.25	-0.05000000000001137	-0.6499999999999773	-46.79999999999836	-0.6499999999999773	-0.6499999999999773	ACTIVE	-0.6499999999999773	-46.79999999999836
15:00:09.052 [Thread-0] INFO  com.atharva.trade.TradeHandler - Entered trade
15:00:11.381 [Thread-0] INFO  com.atharva.ui.pages.LoginPage - Entered login id
15:00:11.483 [Thread-0] INFO  com.atharva.ui.pages.LoginPage - Entered membership password
15:00:11.602 [Thread-0] INFO  com.atharva.ui.pages.LoginPage - Entered trading password
15:00:11.684 [Thread-0] INFO  com.atharva.ui.pages.LoginPage - Clicked on login button
15:00:12.547 [Thread-0] INFO  com.atharva.ui.pages.LoginPage - Login Successful
15:00:13.180 [Thread-0] INFO  com.atharva.ui.pages.LoginPage - Clicked on tradeNow Link
15:00:13.293 [Thread-0] INFO  com.atharva.ui.pages.LoginPage - Selected the Exchange: NSE
15:00:14.528 [Thread-0] INFO  com.atharva.ui.pages.LoginPage - Selected the scrip from dropdown 
15:00:14.528 [Thread-0] INFO  com.atharva.ui.pages.LoginPage - Entered the scrip : AXISBANK
15:00:14.789 [Thread-0] INFO  com.atharva.ui.pages.LoginPage - Selected buy/sell: SellBigTrade
15:00:15.169 [Thread-0] INFO  com.atharva.ui.pages.LoginPage - Entered the quantity: 156
15:00:15.301 [Thread-0] INFO  com.atharva.ui.pages.LoginPage - Entered the limit price: 0.0
15:00:15.429 [Thread-0] INFO  com.atharva.ui.pages.LoginPage - Selected the  DP Account: 1832188
15:00:15.516 [Thread-0] INFO  com.atharva.ui.pages.LoginPage - Clicked on place order button
15:00:16.025 [Thread-0] INFO  com.atharva.ui.pages.LoginPage - Clicked on order confirm button
15:00:16.049 [Thread-0] INFO  com.atharva.ui.pages.LoginPage - Order confirmation page is displayed
15:00:17.141 [Thread-0] INFO  com.atharva.trade.TradeHandler - Current price: 488.25
15:00:32.826 [Thread-0] INFO  com.atharva.trade.TradeHandler - Current price: 488.45
15:00:32.830 [Thread-0] REPORT com.atharva.trade.TradeHandler - 1832188.AXISBANK.1486978207353	SELLBIGTRADE	AXISBANK	488.45	-0.19999999999998863	-0.19999999999998863	-31.199999999998226	-0.19999999999998863	-0.19999999999998863	ACTIVE	-0.19999999999998863	-31.199999999998226
15:01:06.986 [Thread-0] INFO  com.atharva.trade.TradeHandler - Entered trade
15:01:09.340 [Thread-0] INFO  com.atharva.ui.pages.LoginPage - Entered login id
15:01:09.440 [Thread-0] INFO  com.atharva.ui.pages.LoginPage - Entered membership password
15:01:09.581 [Thread-0] INFO  com.atharva.ui.pages.LoginPage - Entered trading password
15:01:12.140 [Thread-0] INFO  com.atharva.ui.pages.LoginPage - Clicked on login button
15:01:12.161 [Thread-0] INFO  com.atharva.ui.pages.LoginPage - Login Successful
15:01:12.727 [Thread-0] INFO  com.atharva.ui.pages.LoginPage - Clicked on tradeNow Link
15:01:12.846 [Thread-0] INFO  com.atharva.ui.pages.LoginPage - Selected the Exchange: NSE
15:01:14.011 [Thread-0] ERROR com.atharva.ui.pages.Actions - Error encountered org.openqa.selenium.NoSuchElementException: no such element: Unable to locate element: {"method":"xpath","selector":"//*[@id='td0']/strong"}
  (Session info: chrome=56.0.2924.87)
  (Driver info: chromedriver=2.27.440174 (e97a722caafc2d3a8b807ee115bfb307f7d2cfd9),platform=Mac OS X 10.11.6 x86_64) (WARNING: The server did not provide any stacktrace information)
Command duration or timeout: 35 milliseconds
For documentation on this error, please visit: http://seleniumhq.org/exceptions/no_such_element.html
Build info: version: '3.0.1', revision: '1969d75', time: '2016-10-18 09:49:13 -0700'
System info: host: 'EN-PraveenR', ip: '192.168.13.183', os.name: 'Mac OS X', os.arch: 'x86_64', os.version: '10.11.6', java.version: '1.8.0_121'
Driver info: org.openqa.selenium.chrome.ChromeDriver
Capabilities [{applicationCacheEnabled=false, rotatable=false, mobileEmulationEnabled=false, networkConnectionEnabled=false, chrome={chromedriverVersion=2.27.440174 (e97a722caafc2d3a8b807ee115bfb307f7d2cfd9), userDataDir=/var/folders/b0/md9cyp2j5m19c_5qy5j2z8fnc2jn5l/T/.org.chromium.Chromium.SbFV65}, takesHeapSnapshot=true, pageLoadStrategy=normal, databaseEnabled=false, handlesAlerts=true, hasTouchScreen=false, version=56.0.2924.87, platform=MAC, browserConnectionEnabled=false, nativeEvents=true, acceptSslCerts=true, locationContextEnabled=true, webStorageEnabled=true, browserName=chrome, takesScreenshot=true, javascriptEnabled=true, cssSelectorsEnabled=true, unexpectedAlertBehaviour=}]
Session ID: 3a4a1bb2ff049c2c0d00015f3d29cf83
*** Element info: {Using=xpath, value=//*[@id='td0']/strong}
15:01:14.012 [Thread-0] ERROR com.atharva.ui.pages.LoginPage - Failed to select the scrip
com.atharva.exceptions.UIOperationFailureException: Failed to select the scrip
	at com.atharva.ui.pages.MyTradePage.placeOrder(MyTradePage.java:91) [classes/:?]
	at com.atharva.ui.Sharekhan.placeOrder(Sharekhan.java:58) [classes/:?]
	at com.atharva.trade.TradeHandler.enterTrade(TradeHandler.java:183) [classes/:?]
	at com.atharva.trade.TradeHandler.startTrade(TradeHandler.java:99) [classes/:?]
	at com.atharva.trade.TradeHandler.run(TradeHandler.java:80) [classes/:?]
15:01:14.021 [Thread-0] FATAL com.atharva.trade.TradeHandler - Execution of trade interrupted due to exception com.atharva.exceptions.UIOperationFailureException: Failed to select the scrip
15:01:47.429 [Thread-0] INFO  com.atharva.trade.TradeHandler - Entered trade
15:01:50.833 [Thread-0] INFO  com.atharva.ui.pages.LoginPage - Entered login id
15:01:50.939 [Thread-0] INFO  com.atharva.ui.pages.LoginPage - Entered membership password
15:01:51.057 [Thread-0] INFO  com.atharva.ui.pages.LoginPage - Entered trading password
15:01:54.899 [Thread-0] INFO  com.atharva.ui.pages.LoginPage - Clicked on login button
15:01:54.921 [Thread-0] INFO  com.atharva.ui.pages.LoginPage - Login Successful
15:01:55.518 [Thread-0] INFO  com.atharva.ui.pages.LoginPage - Clicked on tradeNow Link
15:01:55.635 [Thread-0] INFO  com.atharva.ui.pages.LoginPage - Selected the Exchange: NSE
15:01:56.844 [Thread-0] INFO  com.atharva.ui.pages.LoginPage - Selected the scrip from dropdown 
15:01:56.844 [Thread-0] INFO  com.atharva.ui.pages.LoginPage - Entered the scrip : AXISBANK
15:01:57.231 [Thread-0] INFO  com.atharva.ui.pages.LoginPage - Selected buy/sell: SellBigTrade
15:01:57.421 [Thread-0] INFO  com.atharva.ui.pages.LoginPage - Entered the quantity: 78
15:01:57.571 [Thread-0] INFO  com.atharva.ui.pages.LoginPage - Entered the limit price: 0.0
15:01:57.656 [Thread-0] INFO  com.atharva.ui.pages.LoginPage - Selected the  DP Account: 1832188
15:01:57.781 [Thread-0] INFO  com.atharva.ui.pages.LoginPage - Clicked on place order button
15:01:58.265 [Thread-0] INFO  com.atharva.ui.pages.LoginPage - Clicked on order confirm button
15:01:58.288 [Thread-0] INFO  com.atharva.ui.pages.LoginPage - Order confirmation page is displayed
15:02:00.331 [Thread-0] INFO  com.atharva.trade.TradeHandler - Current price: 489.2
15:02:15.756 [Thread-0] INFO  com.atharva.trade.TradeHandler - Current price: 489.4
15:02:15.758 [Thread-0] REPORT com.atharva.trade.TradeHandler - 1832188.AXISBANK.1486978305790	SELLBIGTRADE	AXISBANK	489.4	-0.19999999999998863	-0.19999999999998863	-15.599999999999113	-0.19999999999998863	-0.19999999999998863	ACTIVE	-0.19999999999998863	-15.599999999999113
15:02:30.605 [Thread-0] INFO  com.atharva.trade.TradeHandler - Current price: 489.45
15:02:30.606 [Thread-0] REPORT com.atharva.trade.TradeHandler - 1832188.AXISBANK.1486978305790	SELLBIGTRADE	AXISBANK	489.45	-0.05000000000001137	-0.25	-19.5	-0.25	-0.25	ACTIVE	-0.25	-19.5
15:02:45.648 [Thread-0] INFO  com.atharva.trade.TradeHandler - Current price: 489.4
15:02:45.649 [Thread-0] REPORT com.atharva.trade.TradeHandler - 1832188.AXISBANK.1486978305790	SELLBIGTRADE	AXISBANK	489.4	0.05000000000001137	-0.19999999999998863	-15.599999999999113	-0.19999999999998863	-0.19999999999998863	ACTIVE	-0.19999999999998863	-15.599999999999113
15:03:01.615 [Thread-0] INFO  com.atharva.trade.TradeHandler - Current price: 489.3
15:03:01.615 [Thread-0] REPORT com.atharva.trade.TradeHandler - 1832188.AXISBANK.1486978305790	SELLBIGTRADE	AXISBANK	489.3	0.0999999999999659	-0.10000000000002274	-7.8000000000017735	-0.10000000000002274	-0.10000000000002274	ACTIVE	-0.10000000000002274	-7.8000000000017735
15:03:15.753 [Thread-0] INFO  com.atharva.trade.TradeHandler - Current price: 489.4
15:03:15.756 [Thread-0] REPORT com.atharva.trade.TradeHandler - 1832188.AXISBANK.1486978305790	SELLBIGTRADE	AXISBANK	489.4	-0.0999999999999659	-0.19999999999998863	-15.599999999999113	-0.19999999999998863	-0.19999999999998863	ACTIVE	-0.19999999999998863	-15.599999999999113
15:03:30.912 [Thread-0] INFO  com.atharva.trade.TradeHandler - Current price: 489.35
15:03:30.912 [Thread-0] REPORT com.atharva.trade.TradeHandler - 1832188.AXISBANK.1486978305790	SELLBIGTRADE	AXISBANK	489.35	0.049999999999954525	-0.1500000000000341	-11.70000000000266	-0.1500000000000341	-0.1500000000000341	ACTIVE	-0.1500000000000341	-11.70000000000266
15:03:46.679 [Thread-0] INFO  com.atharva.trade.TradeHandler - Current price: 489.5
15:03:46.680 [Thread-0] REPORT com.atharva.trade.TradeHandler - 1832188.AXISBANK.1486978305790	SELLBIGTRADE	AXISBANK	489.5	-0.14999999999997726	-0.30000000000001137	-23.400000000000887	-0.30000000000001137	-0.30000000000001137	ACTIVE	-0.30000000000001137	-23.400000000000887
15:04:00.761 [Thread-0] INFO  com.atharva.trade.TradeHandler - Current price: 489.5
15:04:00.762 [Thread-0] REPORT com.atharva.trade.TradeHandler - 1832188.AXISBANK.1486978305790	SELLBIGTRADE	AXISBANK	489.5	-0.0	-0.30000000000001137	-23.400000000000887	-0.30000000000001137	-0.30000000000001137	ACTIVE	-0.30000000000001137	-23.400000000000887
15:04:15.764 [Thread-0] INFO  com.atharva.trade.TradeHandler - Current price: 489.6
15:04:15.765 [Thread-0] REPORT com.atharva.trade.TradeHandler - 1832188.AXISBANK.1486978305790	SELLBIGTRADE	AXISBANK	489.6	-0.10000000000002274	-0.4000000000000341	-31.20000000000266	-0.4000000000000341	-0.4000000000000341	ACTIVE	-0.4000000000000341	-31.20000000000266
15:04:33.936 [Thread-0] INFO  com.atharva.trade.TradeHandler - Current price: 489.8
15:04:33.937 [Thread-0] REPORT com.atharva.trade.TradeHandler - 1832188.AXISBANK.1486978305790	SELLBIGTRADE	AXISBANK	489.8	-0.19999999999998863	-0.6000000000000227	-46.80000000000177	-0.6000000000000227	-0.6000000000000227	ACTIVE	-0.6000000000000227	-46.80000000000177
15:04:46.178 [Thread-0] INFO  com.atharva.trade.TradeHandler - Current price: 490.05
15:04:46.180 [Thread-0] REPORT com.atharva.trade.TradeHandler - 1832188.AXISBANK.1486978305790	SELLBIGTRADE	AXISBANK	490.05	-0.25	-0.8500000000000227	-66.30000000000177	-0.8500000000000227	-0.8500000000000227	ACTIVE	-0.8500000000000227	-66.30000000000177
15:05:00.802 [Thread-0] INFO  com.atharva.trade.TradeHandler - Current price: 490.0
15:05:00.805 [Thread-0] REPORT com.atharva.trade.TradeHandler - 1832188.AXISBANK.1486978305790	SELLBIGTRADE	AXISBANK	490.0	0.05000000000001137	-0.8000000000000114	-62.40000000000089	-0.8000000000000114	-0.8000000000000114	ACTIVE	-0.8000000000000114	-62.40000000000089
15:05:15.646 [Thread-0] INFO  com.atharva.trade.TradeHandler - Current price: 489.85
15:05:15.647 [Thread-0] REPORT com.atharva.trade.TradeHandler - 1832188.AXISBANK.1486978305790	SELLBIGTRADE	AXISBANK	489.85	0.14999999999997726	-0.6500000000000341	-50.70000000000266	-0.6500000000000341	-0.6500000000000341	ACTIVE	-0.6500000000000341	-50.70000000000266
15:05:31.281 [Thread-0] INFO  com.atharva.trade.TradeHandler - Current price: 489.9
15:05:31.282 [Thread-0] REPORT com.atharva.trade.TradeHandler - 1832188.AXISBANK.1486978305790	SELLBIGTRADE	AXISBANK	489.9	-0.049999999999954525	-0.6999999999999886	-54.59999999999911	-0.6999999999999886	-0.6999999999999886	ACTIVE	-0.6999999999999886	-54.59999999999911
15:05:48.679 [Thread-0] INFO  com.atharva.trade.TradeHandler - Current price: 490.0
15:05:48.681 [Thread-0] REPORT com.atharva.trade.TradeHandler - 1832188.AXISBANK.1486978305790	SELLBIGTRADE	AXISBANK	490.0	-0.10000000000002274	-0.8000000000000114	-62.40000000000089	-0.8000000000000114	-0.8000000000000114	ACTIVE	-0.8000000000000114	-62.40000000000089
15:06:01.343 [Thread-0] INFO  com.atharva.trade.TradeHandler - Current price: 490.0
15:06:01.343 [Thread-0] REPORT com.atharva.trade.TradeHandler - 1832188.AXISBANK.1486978305790	SELLBIGTRADE	AXISBANK	490.0	-0.0	-0.8000000000000114	-62.40000000000089	-0.8000000000000114	-0.8000000000000114	ACTIVE	-0.8000000000000114	-62.40000000000089
15:06:16.063 [Thread-0] INFO  com.atharva.trade.TradeHandler - Current price: 489.8
15:06:16.064 [Thread-0] REPORT com.atharva.trade.TradeHandler - 1832188.AXISBANK.1486978305790	SELLBIGTRADE	AXISBANK	489.8	0.19999999999998863	-0.6000000000000227	-46.80000000000177	-0.6000000000000227	-0.6000000000000227	ACTIVE	-0.6000000000000227	-46.80000000000177
15:06:30.931 [Thread-0] INFO  com.atharva.trade.TradeHandler - Current price: 489.8
15:06:30.932 [Thread-0] REPORT com.atharva.trade.TradeHandler - 1832188.AXISBANK.1486978305790	SELLBIGTRADE	AXISBANK	489.8	-0.0	-0.6000000000000227	-46.80000000000177	-0.6000000000000227	-0.6000000000000227	ACTIVE	-0.6000000000000227	-46.80000000000177
15:06:45.652 [Thread-0] INFO  com.atharva.trade.TradeHandler - Current price: 489.8
15:06:45.652 [Thread-0] REPORT com.atharva.trade.TradeHandler - 1832188.AXISBANK.1486978305790	SELLBIGTRADE	AXISBANK	489.8	-0.0	-0.6000000000000227	-46.80000000000177	-0.6000000000000227	-0.6000000000000227	ACTIVE	-0.6000000000000227	-46.80000000000177
15:07:03.748 [Thread-0] INFO  com.atharva.trade.TradeHandler - Current price: 489.95
15:07:03.749 [Thread-0] REPORT com.atharva.trade.TradeHandler - 1832188.AXISBANK.1486978305790	SELLBIGTRADE	AXISBANK	489.95	-0.14999999999997726	-0.75	-58.5	-0.75	-0.75	ACTIVE	-0.75	-58.5
15:07:15.890 [Thread-0] INFO  com.atharva.trade.TradeHandler - Current price: 489.95
15:07:15.891 [Thread-0] REPORT com.atharva.trade.TradeHandler - 1832188.AXISBANK.1486978305790	SELLBIGTRADE	AXISBANK	489.95	-0.0	-0.75	-58.5	-0.75	-0.75	ACTIVE	-0.75	-58.5
15:07:31.682 [Thread-0] INFO  com.atharva.trade.TradeHandler - Current price: 490.0
15:07:31.683 [Thread-0] REPORT com.atharva.trade.TradeHandler - 1832188.AXISBANK.1486978305790	SELLBIGTRADE	AXISBANK	490.0	-0.05000000000001137	-0.8000000000000114	-62.40000000000089	-0.8000000000000114	-0.8000000000000114	ACTIVE	-0.8000000000000114	-62.40000000000089
15:07:49.581 [Thread-0] INFO  com.atharva.trade.TradeHandler - Current price: 489.95
15:07:49.582 [Thread-0] REPORT com.atharva.trade.TradeHandler - 1832188.AXISBANK.1486978305790	SELLBIGTRADE	AXISBANK	489.95	0.05000000000001137	-0.75	-58.5	-0.75	-0.75	ACTIVE	-0.75	-58.5
15:08:00.898 [Thread-0] INFO  com.atharva.trade.TradeHandler - Current price: 489.8
15:08:00.900 [Thread-0] REPORT com.atharva.trade.TradeHandler - 1832188.AXISBANK.1486978305790	SELLBIGTRADE	AXISBANK	489.8	0.14999999999997726	-0.6000000000000227	-46.80000000000177	-0.6000000000000227	-0.6000000000000227	ACTIVE	-0.6000000000000227	-46.80000000000177
15:08:16.202 [Thread-0] INFO  com.atharva.trade.TradeHandler - Current price: 489.8
15:08:16.202 [Thread-0] REPORT com.atharva.trade.TradeHandler - 1832188.AXISBANK.1486978305790	SELLBIGTRADE	AXISBANK	489.8	-0.0	-0.6000000000000227	-46.80000000000177	-0.6000000000000227	-0.6000000000000227	ACTIVE	-0.6000000000000227	-46.80000000000177
15:08:30.676 [Thread-0] INFO  com.atharva.trade.TradeHandler - Current price: 489.8
15:08:30.677 [Thread-0] REPORT com.atharva.trade.TradeHandler - 1832188.AXISBANK.1486978305790	SELLBIGTRADE	AXISBANK	489.8	-0.0	-0.6000000000000227	-46.80000000000177	-0.6000000000000227	-0.6000000000000227	ACTIVE	-0.6000000000000227	-46.80000000000177
15:08:46.012 [Thread-0] INFO  com.atharva.trade.TradeHandler - Current price: 489.85
15:08:46.012 [Thread-0] REPORT com.atharva.trade.TradeHandler - 1832188.AXISBANK.1486978305790	SELLBIGTRADE	AXISBANK	489.85	-0.05000000000001137	-0.6500000000000341	-50.70000000000266	-0.6500000000000341	-0.6500000000000341	ACTIVE	-0.6500000000000341	-50.70000000000266
15:09:01.168 [Thread-0] INFO  com.atharva.trade.TradeHandler - Current price: 490.0
15:09:01.168 [Thread-0] REPORT com.atharva.trade.TradeHandler - 1832188.AXISBANK.1486978305790	SELLBIGTRADE	AXISBANK	490.0	-0.14999999999997726	-0.8000000000000114	-62.40000000000089	-0.8000000000000114	-0.8000000000000114	ACTIVE	-0.8000000000000114	-62.40000000000089
15:09:15.866 [Thread-0] INFO  com.atharva.trade.TradeHandler - Current price: 490.0
15:09:15.866 [Thread-0] REPORT com.atharva.trade.TradeHandler - 1832188.AXISBANK.1486978305790	SELLBIGTRADE	AXISBANK	490.0	-0.0	-0.8000000000000114	-62.40000000000089	-0.8000000000000114	-0.8000000000000114	ACTIVE	-0.8000000000000114	-62.40000000000089
15:09:30.933 [Thread-0] INFO  com.atharva.trade.TradeHandler - Current price: 490.0
15:09:30.935 [Thread-0] REPORT com.atharva.trade.TradeHandler - 1832188.AXISBANK.1486978305790	SELLBIGTRADE	AXISBANK	490.0	-0.0	-0.8000000000000114	-62.40000000000089	-0.8000000000000114	-0.8000000000000114	ACTIVE	-0.8000000000000114	-62.40000000000089
15:09:47.241 [Thread-0] INFO  com.atharva.trade.TradeHandler - Current price: 490.0
15:09:47.242 [Thread-0] REPORT com.atharva.trade.TradeHandler - 1832188.AXISBANK.1486978305790	SELLBIGTRADE	AXISBANK	490.0	-0.0	-0.8000000000000114	-62.40000000000089	-0.8000000000000114	-0.8000000000000114	ACTIVE	-0.8000000000000114	-62.40000000000089
15:10:00.766 [Thread-0] INFO  com.atharva.trade.TradeHandler - Current price: 490.0
15:10:00.768 [Thread-0] REPORT com.atharva.trade.TradeHandler - 1832188.AXISBANK.1486978305790	SELLBIGTRADE	AXISBANK	490.0	-0.0	-0.8000000000000114	-62.40000000000089	-0.8000000000000114	-0.8000000000000114	ACTIVE	-0.8000000000000114	-62.40000000000089
15:10:15.703 [Thread-0] INFO  com.atharva.trade.TradeHandler - Current price: 489.95
15:10:15.704 [Thread-0] REPORT com.atharva.trade.TradeHandler - 1832188.AXISBANK.1486978305790	SELLBIGTRADE	AXISBANK	489.95	0.05000000000001137	-0.75	-58.5	-0.75	-0.75	ACTIVE	-0.75	-58.5
15:10:30.956 [Thread-0] INFO  com.atharva.trade.TradeHandler - Current price: 489.95
15:10:30.957 [Thread-0] REPORT com.atharva.trade.TradeHandler - 1832188.AXISBANK.1486978305790	SELLBIGTRADE	AXISBANK	489.95	-0.0	-0.75	-58.5	-0.75	-0.75	ACTIVE	-0.75	-58.5
15:10:46.025 [Thread-0] INFO  com.atharva.trade.TradeHandler - Current price: 489.95
15:10:46.025 [Thread-0] REPORT com.atharva.trade.TradeHandler - 1832188.AXISBANK.1486978305790	SELLBIGTRADE	AXISBANK	489.95	-0.0	-0.75	-58.5	-0.75	-0.75	ACTIVE	-0.75	-58.5
15:11:00.740 [Thread-0] INFO  com.atharva.trade.TradeHandler - Current price: 490.05
15:11:00.741 [Thread-0] REPORT com.atharva.trade.TradeHandler - 1832188.AXISBANK.1486978305790	SELLBIGTRADE	AXISBANK	490.05	-0.10000000000002274	-0.8500000000000227	-66.30000000000177	-0.8500000000000227	-0.8500000000000227	ACTIVE	-0.8500000000000227	-66.30000000000177
15:11:16.139 [Thread-0] INFO  com.atharva.trade.TradeHandler - Current price: 490.1
15:11:16.141 [Thread-0] REPORT com.atharva.trade.TradeHandler - 1832188.AXISBANK.1486978305790	SELLBIGTRADE	AXISBANK	490.1	-0.05000000000001137	-0.9000000000000341	-70.20000000000266	-0.9000000000000341	-0.9000000000000341	ACTIVE	-0.9000000000000341	-70.20000000000266
15:11:30.700 [Thread-0] INFO  com.atharva.trade.TradeHandler - Current price: 490.0
15:11:30.701 [Thread-0] REPORT com.atharva.trade.TradeHandler - 1832188.AXISBANK.1486978305790	SELLBIGTRADE	AXISBANK	490.0	0.10000000000002274	-0.8000000000000114	-62.40000000000089	-0.8000000000000114	-0.8000000000000114	ACTIVE	-0.8000000000000114	-62.40000000000089
15:11:46.154 [Thread-0] INFO  com.atharva.trade.TradeHandler - Current price: 490.0
15:11:46.154 [Thread-0] REPORT com.atharva.trade.TradeHandler - 1832188.AXISBANK.1486978305790	SELLBIGTRADE	AXISBANK	490.0	-0.0	-0.8000000000000114	-62.40000000000089	-0.8000000000000114	-0.8000000000000114	ACTIVE	-0.8000000000000114	-62.40000000000089
15:12:04.065 [Thread-0] INFO  com.atharva.trade.TradeHandler - Current price: 490.0
15:12:04.066 [Thread-0] REPORT com.atharva.trade.TradeHandler - 1832188.AXISBANK.1486978305790	SELLBIGTRADE	AXISBANK	490.0	-0.0	-0.8000000000000114	-62.40000000000089	-0.8000000000000114	-0.8000000000000114	ACTIVE	-0.8000000000000114	-62.40000000000089
15:12:16.045 [Thread-0] INFO  com.atharva.trade.TradeHandler - Current price: 490.1
15:12:16.046 [Thread-0] REPORT com.atharva.trade.TradeHandler - 1832188.AXISBANK.1486978305790	SELLBIGTRADE	AXISBANK	490.1	-0.10000000000002274	-0.9000000000000341	-70.20000000000266	-0.9000000000000341	-0.9000000000000341	ACTIVE	-0.9000000000000341	-70.20000000000266
15:12:30.976 [Thread-0] INFO  com.atharva.trade.TradeHandler - Current price: 490.0
15:12:30.976 [Thread-0] REPORT com.atharva.trade.TradeHandler - 1832188.AXISBANK.1486978305790	SELLBIGTRADE	AXISBANK	490.0	0.10000000000002274	-0.8000000000000114	-62.40000000000089	-0.8000000000000114	-0.8000000000000114	ACTIVE	-0.8000000000000114	-62.40000000000089
15:12:48.681 [Thread-0] INFO  com.atharva.trade.TradeHandler - Current price: 489.85
15:12:48.682 [Thread-0] REPORT com.atharva.trade.TradeHandler - 1832188.AXISBANK.1486978305790	SELLBIGTRADE	AXISBANK	489.85	0.14999999999997726	-0.6500000000000341	-50.70000000000266	-0.6500000000000341	-0.6500000000000341	ACTIVE	-0.6500000000000341	-50.70000000000266
15:13:00.797 [Thread-0] INFO  com.atharva.trade.TradeHandler - Current price: 489.75
15:13:00.797 [Thread-0] REPORT com.atharva.trade.TradeHandler - 1832188.AXISBANK.1486978305790	SELLBIGTRADE	AXISBANK	489.75	0.10000000000002274	-0.5500000000000114	-42.90000000000089	-0.5500000000000114	-0.5500000000000114	ACTIVE	-0.5500000000000114	-42.90000000000089
15:13:15.954 [Thread-0] INFO  com.atharva.trade.TradeHandler - Current price: 489.75
15:13:15.955 [Thread-0] REPORT com.atharva.trade.TradeHandler - 1832188.AXISBANK.1486978305790	SELLBIGTRADE	AXISBANK	489.75	-0.0	-0.5500000000000114	-42.90000000000089	-0.5500000000000114	-0.5500000000000114	ACTIVE	-0.5500000000000114	-42.90000000000089
15:13:31.110 [Thread-0] INFO  com.atharva.trade.TradeHandler - Current price: 490.05
15:13:31.111 [Thread-0] REPORT com.atharva.trade.TradeHandler - 1832188.AXISBANK.1486978305790	SELLBIGTRADE	AXISBANK	490.05	-0.30000000000001137	-0.8500000000000227	-66.30000000000177	-0.8500000000000227	-0.8500000000000227	ACTIVE	-0.8500000000000227	-66.30000000000177
15:13:47.192 [Thread-0] INFO  com.atharva.trade.TradeHandler - Current price: 490.0
15:13:47.193 [Thread-0] REPORT com.atharva.trade.TradeHandler - 1832188.AXISBANK.1486978305790	SELLBIGTRADE	AXISBANK	490.0	0.05000000000001137	-0.8000000000000114	-62.40000000000089	-0.8000000000000114	-0.8000000000000114	ACTIVE	-0.8000000000000114	-62.40000000000089
15:14:01.591 [Thread-0] INFO  com.atharva.trade.TradeHandler - Current price: 490.05
15:14:01.591 [Thread-0] REPORT com.atharva.trade.TradeHandler - 1832188.AXISBANK.1486978305790	SELLBIGTRADE	AXISBANK	490.05	-0.05000000000001137	-0.8500000000000227	-66.30000000000177	-0.8500000000000227	-0.8500000000000227	ACTIVE	-0.8500000000000227	-66.30000000000177
15:14:18.966 [Thread-0] INFO  com.atharva.trade.TradeHandler - Current price: 490.05
15:14:18.967 [Thread-0] REPORT com.atharva.trade.TradeHandler - 1832188.AXISBANK.1486978305790	SELLBIGTRADE	AXISBANK	490.05	-0.0	-0.8500000000000227	-66.30000000000177	-0.8500000000000227	-0.8500000000000227	ACTIVE	-0.8500000000000227	-66.30000000000177
15:14:33.972 [Thread-0] INFO  com.atharva.trade.TradeHandler - Current price: 490.05
15:14:33.973 [Thread-0] REPORT com.atharva.trade.TradeHandler - 1832188.AXISBANK.1486978305790	SELLBIGTRADE	AXISBANK	490.05	-0.0	-0.8500000000000227	-66.30000000000177	-0.8500000000000227	-0.8500000000000227	ACTIVE	-0.8500000000000227	-66.30000000000177
15:14:47.108 [Thread-0] INFO  com.atharva.trade.TradeHandler - Current price: 490.0
15:14:47.110 [Thread-0] REPORT com.atharva.trade.TradeHandler - 1832188.AXISBANK.1486978305790	SELLBIGTRADE	AXISBANK	490.0	0.05000000000001137	-0.8000000000000114	-62.40000000000089	-0.8000000000000114	-0.8000000000000114	ACTIVE	-0.8000000000000114	-62.40000000000089
15:15:01.087 [Thread-0] INFO  com.atharva.trade.TradeHandler - Current price: 489.95
15:15:01.088 [Thread-0] REPORT com.atharva.trade.TradeHandler - 1832188.AXISBANK.1486978305790	SELLBIGTRADE	AXISBANK	489.95	0.05000000000001137	-0.75	-58.5	-0.75	-0.75	ACTIVE	-0.75	-58.5
15:15:15.891 [Thread-0] INFO  com.atharva.trade.TradeHandler - Current price: 489.95
15:15:15.891 [Thread-0] REPORT com.atharva.trade.TradeHandler - 1832188.AXISBANK.1486978305790	SELLBIGTRADE	AXISBANK	489.95	-0.0	-0.75	-58.5	-0.75	-0.75	ACTIVE	-0.75	-58.5
15:15:30.778 [Thread-0] INFO  com.atharva.trade.TradeHandler - Current price: 489.95
15:15:30.778 [Thread-0] REPORT com.atharva.trade.TradeHandler - 1832188.AXISBANK.1486978305790	SELLBIGTRADE	AXISBANK	489.95	-0.0	-0.75	-58.5	-0.75	-0.75	ACTIVE	-0.75	-58.5
15:15:45.998 [Thread-0] INFO  com.atharva.trade.TradeHandler - Current price: 490.1
15:15:45.999 [Thread-0] REPORT com.atharva.trade.TradeHandler - 1832188.AXISBANK.1486978305790	SELLBIGTRADE	AXISBANK	490.1	-0.1500000000000341	-0.9000000000000341	-70.20000000000266	-0.9000000000000341	-0.9000000000000341	ACTIVE	-0.9000000000000341	-70.20000000000266
15:16:01.257 [Thread-0] INFO  com.atharva.trade.TradeHandler - Current price: 490.0
15:16:01.257 [Thread-0] REPORT com.atharva.trade.TradeHandler - 1832188.AXISBANK.1486978305790	SELLBIGTRADE	AXISBANK	490.0	0.10000000000002274	-0.8000000000000114	-62.40000000000089	-0.8000000000000114	-0.8000000000000114	ACTIVE	-0.8000000000000114	-62.40000000000089
15:16:15.986 [Thread-0] INFO  com.atharva.trade.TradeHandler - Current price: 489.75
15:16:15.986 [Thread-0] REPORT com.atharva.trade.TradeHandler - 1832188.AXISBANK.1486978305790	SELLBIGTRADE	AXISBANK	489.75	0.25	-0.5500000000000114	-42.90000000000089	-0.5500000000000114	-0.5500000000000114	ACTIVE	-0.5500000000000114	-42.90000000000089
15:16:30.841 [Thread-0] INFO  com.atharva.trade.TradeHandler - Current price: 490.1
15:16:30.841 [Thread-0] REPORT com.atharva.trade.TradeHandler - 1832188.AXISBANK.1486978305790	SELLBIGTRADE	AXISBANK	490.1	-0.35000000000002274	-0.9000000000000341	-70.20000000000266	-0.9000000000000341	-0.9000000000000341	ACTIVE	-0.9000000000000341	-70.20000000000266
15:16:45.988 [Thread-0] INFO  com.atharva.trade.TradeHandler - Current price: 490.1
15:16:45.989 [Thread-0] REPORT com.atharva.trade.TradeHandler - 1832188.AXISBANK.1486978305790	SELLBIGTRADE	AXISBANK	490.1	-0.0	-0.9000000000000341	-70.20000000000266	-0.9000000000000341	-0.9000000000000341	ACTIVE	-0.9000000000000341	-70.20000000000266
15:17:01.542 [Thread-0] INFO  com.atharva.trade.TradeHandler - Current price: 490.05
15:17:01.542 [Thread-0] REPORT com.atharva.trade.TradeHandler - 1832188.AXISBANK.1486978305790	SELLBIGTRADE	AXISBANK	490.05	0.05000000000001137	-0.8500000000000227	-66.30000000000177	-0.8500000000000227	-0.8500000000000227	ACTIVE	-0.8500000000000227	-66.30000000000177
15:17:15.875 [Thread-0] INFO  com.atharva.trade.TradeHandler - Current price: 490.2
15:17:15.876 [Thread-0] REPORT com.atharva.trade.TradeHandler - 1832188.AXISBANK.1486978305790	SELLBIGTRADE	AXISBANK	490.2	-0.14999999999997726	-1.0	-78.0	-1.0	-1.0	ACTIVE	-1.0	-78.0
15:17:31.115 [Thread-0] INFO  com.atharva.trade.TradeHandler - Current price: 490.25
15:17:31.115 [Thread-0] INFO  com.atharva.trade.TradeHandler - Trade reverse
15:17:40.887 [Thread-0] ERROR com.atharva.ui.pages.Actions - Error encountered org.openqa.selenium.NoSuchElementException: no such element: Unable to locate element: {"method":"id","selector":"loginid"}
  (Session info: chrome=56.0.2924.87)
  (Driver info: chromedriver=2.27.440174 (e97a722caafc2d3a8b807ee115bfb307f7d2cfd9),platform=Mac OS X 10.11.6 x86_64) (WARNING: The server did not provide any stacktrace information)
Command duration or timeout: 76 milliseconds
For documentation on this error, please visit: http://seleniumhq.org/exceptions/no_such_element.html
Build info: version: '3.0.1', revision: '1969d75', time: '2016-10-18 09:49:13 -0700'
System info: host: 'EN-PraveenR', ip: '192.168.13.183', os.name: 'Mac OS X', os.arch: 'x86_64', os.version: '10.11.6', java.version: '1.8.0_121'
Driver info: org.openqa.selenium.chrome.ChromeDriver
Capabilities [{applicationCacheEnabled=false, rotatable=false, mobileEmulationEnabled=false, networkConnectionEnabled=false, chrome={chromedriverVersion=2.27.440174 (e97a722caafc2d3a8b807ee115bfb307f7d2cfd9), userDataDir=/var/folders/b0/md9cyp2j5m19c_5qy5j2z8fnc2jn5l/T/.org.chromium.Chromium.y0hhSM}, takesHeapSnapshot=true, pageLoadStrategy=normal, databaseEnabled=false, handlesAlerts=true, hasTouchScreen=false, version=56.0.2924.87, platform=MAC, browserConnectionEnabled=false, nativeEvents=true, acceptSslCerts=true, locationContextEnabled=true, webStorageEnabled=true, browserName=chrome, takesScreenshot=true, javascriptEnabled=true, cssSelectorsEnabled=true, unexpectedAlertBehaviour=}]
Session ID: cf0a68130f895d9776b6adcb0667fcbd
*** Element info: {Using=id, value=loginid}
15:17:40.888 [Thread-0] ERROR com.atharva.ui.pages.LoginPage - Failed to enter login id
com.atharva.exceptions.UIOperationFailureException: Failed to enter login id
	at com.atharva.ui.pages.LoginPage.login(LoginPage.java:55) [classes/:?]
	at com.atharva.ui.pages.LoginPage.verifiyAndLogin(LoginPage.java:114) [classes/:?]
	at com.atharva.ui.Sharekhan.placeOrder(Sharekhan.java:56) [classes/:?]
	at com.atharva.trade.TradeHandler.reverseTrade(TradeHandler.java:239) [classes/:?]
	at com.atharva.trade.TradeHandler.startTrade(TradeHandler.java:128) [classes/:?]
	at com.atharva.trade.TradeHandler.run(TradeHandler.java:80) [classes/:?]
15:17:40.903 [Thread-0] INFO  com.atharva.trade.TradeHandler - Ended traded
15:17:40.904 [Thread-0] INFO  com.atharva.trade.TradeHandler - Stoploss has reached
15:17:40.904 [Thread-0] FATAL com.atharva.trade.TradeHandler - Execution of trade interrupted due to exception com.atharva.exceptions.UIOperationFailureException: Failed to enter login id
